<?xml version="1.0" encoding="UTF-8"?>
<testsuites name="User Services" time="175.453" tests="6" failures="0" errors="0">
   <testsuite name="User Services" tests="6" failures="0" errors="0" time="175.453" skipped="0" timestamp="12-02-2024T11:30:58" hostname="Maulana Y - DESKTOP-736VERV" id="Test Suites/Final Assignment Web/User Services">
      <properties>
         <property name="deviceName" value=""/>
         <property name="devicePlatform" value=""/>
         <property name="logFolder" value="C:\\Users\\Maulana Y\\git\\qaBootcamp\\Reports\\20240212_113050\\Final Assignment Web\\User Services\\20240212_113051"/>
         <property name="logFiles" value="C:\\Users\\Maulana Y\\git\\qaBootcamp\\Reports\\20240212_113050\\Final Assignment Web\\User Services\\20240212_113051\\execution0.log"/>
         <property name="attachments" value=""/>
         <property name="hostName" value="Maulana Y - DESKTOP-736VERV"/>
         <property name="os" value="Windows 11 64bit"/>
         <property name="katalonVersion" value="9.3.0.212"/>
         <property name="browser" value="Chrome 121.0.0.0"/>
         <property name="hostAddress" value="172.16.213.217"/>
         <property name="sessionId" value="dbcb205af808beb0c7314beac7eebbcb"/>
         <property name="seleniumVersion" value="3.141.59"/>
         <property name="proxyInformation" value="ProxyInformation { proxyOption=NO_PROXY, proxyServerType=HTTP, username=, password=********, proxyServerAddress=, proxyServerPort=0, executionList=&quot;&quot;, isApplyToDesiredCapabilities=true }"/>
         <property name="platform" value="Windows 11"/>
      </properties>
      <testcase name="Test Cases/Final Assignment WEB/Registration" time="43.807" classname="Test Cases/Final Assignment WEB/Registration" status="PASSED">
         <system-out><![CDATA[12-02-2024T11:30:59 - [TEST_CASE][PASSED] - Test Cases/Final Assignment WEB/Registration: Test Cases/Final Assignment WEB/Registration

12-02-2024T11:30:59 - [TEST_STEP][PASSED] - openBrowser(""): Browser is opened with url: ''

12-02-2024T11:31:00 - [MESSAGE][INFO] - Starting 'Chrome' driver

12-02-2024T11:31:00 - [MESSAGE][INFO] - Action delay is set to 0 milliseconds

12-02-2024T11:31:01 - [MESSAGE][PASSED] - Browser is opened with url: ''

12-02-2024T11:31:01 - [TEST_STEP][PASSED] - navigateToUrl(webfinal): Navigate to 'https://advantageonlineshopping.com/' successfully

12-02-2024T11:31:03 - [MESSAGE][PASSED] - Navigate to 'https://advantageonlineshopping.com/' successfully

12-02-2024T11:31:03 - [TEST_STEP][PASSED] - waitForPageLoad(3): Wait for page load successfully

12-02-2024T11:31:03 - [MESSAGE][PASSED] - Wait for page load successfully

12-02-2024T11:31:03 - [TEST_STEP][PASSED] - click(findTestObject("Object Repository/FinalWeb/Page_Advantage Shopping/svg_CHECKOUT  (0.00)_menuUser")): Object: 'Object Repository/FinalWeb/Page_Advantage Shopping/svg_CHECKOUT  (0.00)_menuUser' is clicked on

12-02-2024T11:31:07 - [MESSAGE][PASSED] - Object: 'Object Repository/FinalWeb/Page_Advantage Shopping/svg_CHECKOUT  (0.00)_menuUser' is clicked on

12-02-2024T11:31:07 - [TEST_STEP][PASSED] - click(findTestObject("Object Repository/FinalWeb/Page_Advantage Shopping/a_CREATE NEW ACCOUNT")): Object: 'Object Repository/FinalWeb/Page_Advantage Shopping/a_CREATE NEW ACCOUNT' is clicked on

12-02-2024T11:31:12 - [MESSAGE][PASSED] - Object: 'Object Repository/FinalWeb/Page_Advantage Shopping/a_CREATE NEW ACCOUNT' is clicked on

12-02-2024T11:31:12 - [TEST_STEP][PASSED] - setText(findTestObject("FinalWeb/Page_Advantage Shopping/input__usernameRegisterPage (1)"), username): Text 'hellowind' is set on object 'Object Repository/FinalWeb/Page_Advantage Shopping/input__usernameRegisterPage (1)'

12-02-2024T11:31:18 - [MESSAGE][PASSED] - Text 'hellowind' is set on object 'Object Repository/FinalWeb/Page_Advantage Shopping/input__usernameRegisterPage (1)'

12-02-2024T11:31:18 - [TEST_STEP][PASSED] - setText(findTestObject("Object Repository/FinalWeb/Page_Advantage Shopping/input__emailRegisterPage"), email): Text 'katakataa@gmail.com' is set on object 'Object Repository/FinalWeb/Page_Advantage Shopping/input__emailRegisterPage'

12-02-2024T11:31:22 - [MESSAGE][PASSED] - Text 'katakataa@gmail.com' is set on object 'Object Repository/FinalWeb/Page_Advantage Shopping/input__emailRegisterPage'

12-02-2024T11:31:22 - [TEST_STEP][PASSED] - setText(findTestObject("Object Repository/FinalWeb/Page_Advantage Shopping/input__passwordRegisterPage"), password): Text 'Halo1' is set on object 'Object Repository/FinalWeb/Page_Advantage Shopping/input__passwordRegisterPage'

12-02-2024T11:31:25 - [MESSAGE][PASSED] - Text 'Halo1' is set on object 'Object Repository/FinalWeb/Page_Advantage Shopping/input__passwordRegisterPage'

12-02-2024T11:31:25 - [TEST_STEP][PASSED] - setText(findTestObject("Object Repository/FinalWeb/Page_Advantage Shopping/input__confirm_passwordRegisterPage"), cpassword): Text 'Halo1' is set on object 'Object Repository/FinalWeb/Page_Advantage Shopping/input__confirm_passwordRegisterPage'

12-02-2024T11:31:27 - [MESSAGE][PASSED] - Text 'Halo1' is set on object 'Object Repository/FinalWeb/Page_Advantage Shopping/input__confirm_passwordRegisterPage'

12-02-2024T11:31:27 - [TEST_STEP][PASSED] - setText(findTestObject("Object Repository/FinalWeb/Page_Advantage Shopping/input_PERSONAL DETAILS_first_nameRegisterPage"), firstName): Text 'nam' is set on object 'Object Repository/FinalWeb/Page_Advantage Shopping/input_PERSONAL DETAILS_first_nameRegisterPage'

12-02-2024T11:31:28 - [MESSAGE][PASSED] - Text 'nam' is set on object 'Object Repository/FinalWeb/Page_Advantage Shopping/input_PERSONAL DETAILS_first_nameRegisterPage'

12-02-2024T11:31:28 - [TEST_STEP][PASSED] - setText(findTestObject("Object Repository/FinalWeb/Page_Advantage Shopping/input_- Use maximum 30 character_last_nameR_6ef033"), lastName): Text 'mu' is set on object 'Object Repository/FinalWeb/Page_Advantage Shopping/input_- Use maximum 30 character_last_nameR_6ef033'

12-02-2024T11:31:29 - [MESSAGE][PASSED] - Text 'mu' is set on object 'Object Repository/FinalWeb/Page_Advantage Shopping/input_- Use maximum 30 character_last_nameR_6ef033'

12-02-2024T11:31:29 - [TEST_STEP][PASSED] - setText(findTestObject("Object Repository/FinalWeb/Page_Advantage Shopping/input_- Use maximum 30 character_phone_numb_7c938a"), phone): Text '112233' is set on object 'Object Repository/FinalWeb/Page_Advantage Shopping/input_- Use maximum 30 character_phone_numb_7c938a'

12-02-2024T11:31:30 - [MESSAGE][PASSED] - Text '112233' is set on object 'Object Repository/FinalWeb/Page_Advantage Shopping/input_- Use maximum 30 character_phone_numb_7c938a'

12-02-2024T11:31:30 - [TEST_STEP][PASSED] - selectOptionByLabel(findTestObject("FinalWeb/Page_Advantage Shopping/Select Country"), country, true): All options with label 'Afganistan' are selected in object 'Object Repository/FinalWeb/Page_Advantage Shopping/Select Country'  using regular expression

12-02-2024T11:31:35 - [MESSAGE][PASSED] - All options with label 'Afganistan' are selected in object 'Object Repository/FinalWeb/Page_Advantage Shopping/Select Country'  using regular expression

12-02-2024T11:31:35 - [TEST_STEP][PASSED] - setText(findTestObject("FinalWeb/Page_Advantage Shopping/input_Country_cityRegisterPage"), city): Text 'jkt' is set on object 'Object Repository/FinalWeb/Page_Advantage Shopping/input_Country_cityRegisterPage'

12-02-2024T11:31:36 - [MESSAGE][PASSED] - Text 'jkt' is set on object 'Object Repository/FinalWeb/Page_Advantage Shopping/input_Country_cityRegisterPage'

12-02-2024T11:31:36 - [TEST_STEP][PASSED] - setText(findTestObject("FinalWeb/Page_Advantage Shopping/AlamatRumah (1)"), address): Text '48' is set on object 'Object Repository/FinalWeb/Page_Advantage Shopping/AlamatRumah (1)'

12-02-2024T11:31:37 - [MESSAGE][PASSED] - Text '48' is set on object 'Object Repository/FinalWeb/Page_Advantage Shopping/AlamatRumah (1)'

12-02-2024T11:31:37 - [TEST_STEP][PASSED] - setText(findTestObject("Object Repository/FinalWeb/Page_Advantage Shopping/input_- Use maximum 50 character_state__pro_272a54"), state): Text 'indo' is set on object 'Object Repository/FinalWeb/Page_Advantage Shopping/input_- Use maximum 50 character_state__pro_272a54'

12-02-2024T11:31:38 - [MESSAGE][PASSED] - Text 'indo' is set on object 'Object Repository/FinalWeb/Page_Advantage Shopping/input_- Use maximum 50 character_state__pro_272a54'

12-02-2024T11:31:38 - [TEST_STEP][PASSED] - setText(findTestObject("FinalWeb/Page_Advantage Shopping/kkodepos"), "133"): Text '133' is set on object 'Object Repository/FinalWeb/Page_Advantage Shopping/kkodepos'

12-02-2024T11:31:39 - [MESSAGE][PASSED] - Text '133' is set on object 'Object Repository/FinalWeb/Page_Advantage Shopping/kkodepos'

12-02-2024T11:31:39 - [TEST_STEP][PASSED] - if (offer == 1): null

12-02-2024T11:31:39 - [TEST_STEP][PASSED] - else: null

12-02-2024T11:31:39 - [TEST_STEP][PASSED] - println("lanjut"): null

12-02-2024T11:31:39 - [TEST_STEP][PASSED] - click(findTestObject("Object Repository/FinalWeb/Page_Advantage Shopping/TnCbox")): Object: 'Object Repository/FinalWeb/Page_Advantage Shopping/TnCbox' is clicked on

12-02-2024T11:31:40 - [MESSAGE][PASSED] - Object: 'Object Repository/FinalWeb/Page_Advantage Shopping/TnCbox' is clicked on

12-02-2024T11:31:40 - [TEST_STEP][PASSED] - click(findTestObject("Object Repository/FinalWeb/Page_Advantage Shopping/button_REGISTER")): Object: 'Object Repository/FinalWeb/Page_Advantage Shopping/button_REGISTER' is clicked on

12-02-2024T11:31:40 - [MESSAGE][PASSED] - Object: 'Object Repository/FinalWeb/Page_Advantage Shopping/button_REGISTER' is clicked on

12-02-2024T11:31:43 - [TEST_STEP][PASSED] - Video: Video recording for test case 'Test Cases/Final Assignment WEB/Registration' .

12-02-2024T11:31:43 - [MESSAGE][INFO] - Video recording for test case 'Test Cases/Final Assignment WEB/Registration' .]]></system-out>
         <system-err><![CDATA[]]></system-err>
      </testcase>
      <testcase name="Test Cases/Final Assignment WEB/Registration" time="37.836" classname="Test Cases/Final Assignment WEB/Registration" status="PASSED">
         <system-out><![CDATA[12-02-2024T11:31:43 - [TEST_CASE][PASSED] - Test Cases/Final Assignment WEB/Registration: Test Cases/Final Assignment WEB/Registration

12-02-2024T11:31:43 - [TEST_STEP][PASSED] - openBrowser(""): Browser is opened with url: ''

12-02-2024T11:31:43 - [MESSAGE][WARNING] - A browser is already opened. Closing browser and opening a new one

12-02-2024T11:31:43 - [MESSAGE][INFO] - Starting 'Chrome' driver

12-02-2024T11:31:43 - [MESSAGE][INFO] - Action delay is set to 0 milliseconds

12-02-2024T11:31:44 - [MESSAGE][PASSED] - Browser is opened with url: ''

12-02-2024T11:31:44 - [TEST_STEP][PASSED] - navigateToUrl(webfinal): Navigate to 'https://advantageonlineshopping.com/' successfully

12-02-2024T11:31:47 - [MESSAGE][PASSED] - Navigate to 'https://advantageonlineshopping.com/' successfully

12-02-2024T11:31:47 - [TEST_STEP][PASSED] - waitForPageLoad(3): Wait for page load successfully

12-02-2024T11:31:47 - [MESSAGE][PASSED] - Wait for page load successfully

12-02-2024T11:31:47 - [TEST_STEP][PASSED] - click(findTestObject("Object Repository/FinalWeb/Page_Advantage Shopping/svg_CHECKOUT  (0.00)_menuUser")): Object: 'Object Repository/FinalWeb/Page_Advantage Shopping/svg_CHECKOUT  (0.00)_menuUser' is clicked on

12-02-2024T11:31:54 - [MESSAGE][PASSED] - Object: 'Object Repository/FinalWeb/Page_Advantage Shopping/svg_CHECKOUT  (0.00)_menuUser' is clicked on

12-02-2024T11:31:54 - [TEST_STEP][PASSED] - click(findTestObject("Object Repository/FinalWeb/Page_Advantage Shopping/a_CREATE NEW ACCOUNT")): Object: 'Object Repository/FinalWeb/Page_Advantage Shopping/a_CREATE NEW ACCOUNT' is clicked on

12-02-2024T11:31:55 - [MESSAGE][PASSED] - Object: 'Object Repository/FinalWeb/Page_Advantage Shopping/a_CREATE NEW ACCOUNT' is clicked on

12-02-2024T11:31:55 - [TEST_STEP][PASSED] - setText(findTestObject("FinalWeb/Page_Advantage Shopping/input__usernameRegisterPage (1)"), username): Text 'alhamdulillah' is set on object 'Object Repository/FinalWeb/Page_Advantage Shopping/input__usernameRegisterPage (1)'

12-02-2024T11:32:01 - [MESSAGE][PASSED] - Text 'alhamdulillah' is set on object 'Object Repository/FinalWeb/Page_Advantage Shopping/input__usernameRegisterPage (1)'

12-02-2024T11:32:01 - [TEST_STEP][PASSED] - setText(findTestObject("Object Repository/FinalWeb/Page_Advantage Shopping/input__emailRegisterPage"), email): Text 'kelasqaasika@gmail.com' is set on object 'Object Repository/FinalWeb/Page_Advantage Shopping/input__emailRegisterPage'

12-02-2024T11:32:02 - [MESSAGE][PASSED] - Text 'kelasqaasika@gmail.com' is set on object 'Object Repository/FinalWeb/Page_Advantage Shopping/input__emailRegisterPage'

12-02-2024T11:32:02 - [TEST_STEP][PASSED] - setText(findTestObject("Object Repository/FinalWeb/Page_Advantage Shopping/input__passwordRegisterPage"), password): Text 'Hey123' is set on object 'Object Repository/FinalWeb/Page_Advantage Shopping/input__passwordRegisterPage'

12-02-2024T11:32:03 - [MESSAGE][PASSED] - Text 'Hey123' is set on object 'Object Repository/FinalWeb/Page_Advantage Shopping/input__passwordRegisterPage'

12-02-2024T11:32:03 - [TEST_STEP][PASSED] - setText(findTestObject("Object Repository/FinalWeb/Page_Advantage Shopping/input__confirm_passwordRegisterPage"), cpassword): Text 'Hey123' is set on object 'Object Repository/FinalWeb/Page_Advantage Shopping/input__confirm_passwordRegisterPage'

12-02-2024T11:32:04 - [MESSAGE][PASSED] - Text 'Hey123' is set on object 'Object Repository/FinalWeb/Page_Advantage Shopping/input__confirm_passwordRegisterPage'

12-02-2024T11:32:04 - [TEST_STEP][PASSED] - setText(findTestObject("Object Repository/FinalWeb/Page_Advantage Shopping/input_PERSONAL DETAILS_first_nameRegisterPage"), firstName): Text 'nama' is set on object 'Object Repository/FinalWeb/Page_Advantage Shopping/input_PERSONAL DETAILS_first_nameRegisterPage'

12-02-2024T11:32:06 - [MESSAGE][PASSED] - Text 'nama' is set on object 'Object Repository/FinalWeb/Page_Advantage Shopping/input_PERSONAL DETAILS_first_nameRegisterPage'

12-02-2024T11:32:06 - [TEST_STEP][PASSED] - setText(findTestObject("Object Repository/FinalWeb/Page_Advantage Shopping/input_- Use maximum 30 character_last_nameR_6ef033"), lastName): Text 'sata' is set on object 'Object Repository/FinalWeb/Page_Advantage Shopping/input_- Use maximum 30 character_last_nameR_6ef033'

12-02-2024T11:32:07 - [MESSAGE][PASSED] - Text 'sata' is set on object 'Object Repository/FinalWeb/Page_Advantage Shopping/input_- Use maximum 30 character_last_nameR_6ef033'

12-02-2024T11:32:07 - [TEST_STEP][PASSED] - setText(findTestObject("Object Repository/FinalWeb/Page_Advantage Shopping/input_- Use maximum 30 character_phone_numb_7c938a"), phone): Text '123123' is set on object 'Object Repository/FinalWeb/Page_Advantage Shopping/input_- Use maximum 30 character_phone_numb_7c938a'

12-02-2024T11:32:08 - [MESSAGE][PASSED] - Text '123123' is set on object 'Object Repository/FinalWeb/Page_Advantage Shopping/input_- Use maximum 30 character_phone_numb_7c938a'

12-02-2024T11:32:08 - [TEST_STEP][PASSED] - selectOptionByLabel(findTestObject("FinalWeb/Page_Advantage Shopping/Select Country"), country, true): All options with label 'Albania' are selected in object 'Object Repository/FinalWeb/Page_Advantage Shopping/Select Country'  using regular expression

12-02-2024T11:32:13 - [MESSAGE][PASSED] - All options with label 'Albania' are selected in object 'Object Repository/FinalWeb/Page_Advantage Shopping/Select Country'  using regular expression

12-02-2024T11:32:13 - [TEST_STEP][PASSED] - setText(findTestObject("FinalWeb/Page_Advantage Shopping/input_Country_cityRegisterPage"), city): Text 'akb' is set on object 'Object Repository/FinalWeb/Page_Advantage Shopping/input_Country_cityRegisterPage'

12-02-2024T11:32:14 - [MESSAGE][PASSED] - Text 'akb' is set on object 'Object Repository/FinalWeb/Page_Advantage Shopping/input_Country_cityRegisterPage'

12-02-2024T11:32:14 - [TEST_STEP][PASSED] - setText(findTestObject("FinalWeb/Page_Advantage Shopping/AlamatRumah (1)"), address): Text '312' is set on object 'Object Repository/FinalWeb/Page_Advantage Shopping/AlamatRumah (1)'

12-02-2024T11:32:15 - [MESSAGE][PASSED] - Text '312' is set on object 'Object Repository/FinalWeb/Page_Advantage Shopping/AlamatRumah (1)'

12-02-2024T11:32:15 - [TEST_STEP][PASSED] - setText(findTestObject("Object Repository/FinalWeb/Page_Advantage Shopping/input_- Use maximum 50 character_state__pro_272a54"), state): Text 'cindo' is set on object 'Object Repository/FinalWeb/Page_Advantage Shopping/input_- Use maximum 50 character_state__pro_272a54'

12-02-2024T11:32:16 - [MESSAGE][PASSED] - Text 'cindo' is set on object 'Object Repository/FinalWeb/Page_Advantage Shopping/input_- Use maximum 50 character_state__pro_272a54'

12-02-2024T11:32:16 - [TEST_STEP][PASSED] - setText(findTestObject("FinalWeb/Page_Advantage Shopping/kkodepos"), "133"): Text '133' is set on object 'Object Repository/FinalWeb/Page_Advantage Shopping/kkodepos'

12-02-2024T11:32:17 - [MESSAGE][PASSED] - Text '133' is set on object 'Object Repository/FinalWeb/Page_Advantage Shopping/kkodepos'

12-02-2024T11:32:17 - [TEST_STEP][PASSED] - if (offer == 1): null

12-02-2024T11:32:17 - [TEST_STEP][PASSED] - else: null

12-02-2024T11:32:17 - [TEST_STEP][PASSED] - println("lanjut"): null

12-02-2024T11:32:17 - [TEST_STEP][PASSED] - click(findTestObject("Object Repository/FinalWeb/Page_Advantage Shopping/TnCbox")): Object: 'Object Repository/FinalWeb/Page_Advantage Shopping/TnCbox' is clicked on

12-02-2024T11:32:18 - [MESSAGE][PASSED] - Object: 'Object Repository/FinalWeb/Page_Advantage Shopping/TnCbox' is clicked on

12-02-2024T11:32:18 - [TEST_STEP][PASSED] - click(findTestObject("Object Repository/FinalWeb/Page_Advantage Shopping/button_REGISTER")): Object: 'Object Repository/FinalWeb/Page_Advantage Shopping/button_REGISTER' is clicked on

12-02-2024T11:32:18 - [MESSAGE][PASSED] - Object: 'Object Repository/FinalWeb/Page_Advantage Shopping/button_REGISTER' is clicked on

12-02-2024T11:32:20 - [TEST_STEP][PASSED] - Video: Video recording for test case 'Test Cases/Final Assignment WEB/Registration' .

12-02-2024T11:32:20 - [MESSAGE][INFO] - Video recording for test case 'Test Cases/Final Assignment WEB/Registration' .]]></system-out>
         <system-err><![CDATA[]]></system-err>
      </testcase>
      <testcase name="Test Cases/Final Assignment WEB/Registration" time="36.94" classname="Test Cases/Final Assignment WEB/Registration" status="PASSED">
         <system-out><![CDATA[12-02-2024T11:32:21 - [TEST_CASE][PASSED] - Test Cases/Final Assignment WEB/Registration: Test Cases/Final Assignment WEB/Registration

12-02-2024T11:32:21 - [TEST_STEP][PASSED] - openBrowser(""): Browser is opened with url: ''

12-02-2024T11:32:21 - [MESSAGE][WARNING] - A browser is already opened. Closing browser and opening a new one

12-02-2024T11:32:21 - [MESSAGE][INFO] - Starting 'Chrome' driver

12-02-2024T11:32:21 - [MESSAGE][INFO] - Action delay is set to 0 milliseconds

12-02-2024T11:32:22 - [MESSAGE][PASSED] - Browser is opened with url: ''

12-02-2024T11:32:22 - [TEST_STEP][PASSED] - navigateToUrl(webfinal): Navigate to 'https://advantageonlineshopping.com/' successfully

12-02-2024T11:32:25 - [MESSAGE][PASSED] - Navigate to 'https://advantageonlineshopping.com/' successfully

12-02-2024T11:32:25 - [TEST_STEP][PASSED] - waitForPageLoad(3): Wait for page load successfully

12-02-2024T11:32:25 - [MESSAGE][PASSED] - Wait for page load successfully

12-02-2024T11:32:25 - [TEST_STEP][PASSED] - click(findTestObject("Object Repository/FinalWeb/Page_Advantage Shopping/svg_CHECKOUT  (0.00)_menuUser")): Object: 'Object Repository/FinalWeb/Page_Advantage Shopping/svg_CHECKOUT  (0.00)_menuUser' is clicked on

12-02-2024T11:32:31 - [MESSAGE][PASSED] - Object: 'Object Repository/FinalWeb/Page_Advantage Shopping/svg_CHECKOUT  (0.00)_menuUser' is clicked on

12-02-2024T11:32:31 - [TEST_STEP][PASSED] - click(findTestObject("Object Repository/FinalWeb/Page_Advantage Shopping/a_CREATE NEW ACCOUNT")): Object: 'Object Repository/FinalWeb/Page_Advantage Shopping/a_CREATE NEW ACCOUNT' is clicked on

12-02-2024T11:32:32 - [MESSAGE][PASSED] - Object: 'Object Repository/FinalWeb/Page_Advantage Shopping/a_CREATE NEW ACCOUNT' is clicked on

12-02-2024T11:32:32 - [TEST_STEP][PASSED] - setText(findTestObject("FinalWeb/Page_Advantage Shopping/input__usernameRegisterPage (1)"), username): Text 'bismillah' is set on object 'Object Repository/FinalWeb/Page_Advantage Shopping/input__usernameRegisterPage (1)'

12-02-2024T11:32:37 - [MESSAGE][PASSED] - Text 'bismillah' is set on object 'Object Repository/FinalWeb/Page_Advantage Shopping/input__usernameRegisterPage (1)'

12-02-2024T11:32:37 - [TEST_STEP][PASSED] - setText(findTestObject("Object Repository/FinalWeb/Page_Advantage Shopping/input__emailRegisterPage"), email): Text 'ciyea@gmail.com' is set on object 'Object Repository/FinalWeb/Page_Advantage Shopping/input__emailRegisterPage'

12-02-2024T11:32:38 - [MESSAGE][PASSED] - Text 'ciyea@gmail.com' is set on object 'Object Repository/FinalWeb/Page_Advantage Shopping/input__emailRegisterPage'

12-02-2024T11:32:38 - [TEST_STEP][PASSED] - setText(findTestObject("Object Repository/FinalWeb/Page_Advantage Shopping/input__passwordRegisterPage"), password): Text 'Cui123' is set on object 'Object Repository/FinalWeb/Page_Advantage Shopping/input__passwordRegisterPage'

12-02-2024T11:32:39 - [MESSAGE][PASSED] - Text 'Cui123' is set on object 'Object Repository/FinalWeb/Page_Advantage Shopping/input__passwordRegisterPage'

12-02-2024T11:32:39 - [TEST_STEP][PASSED] - setText(findTestObject("Object Repository/FinalWeb/Page_Advantage Shopping/input__confirm_passwordRegisterPage"), cpassword): Text 'Cui123' is set on object 'Object Repository/FinalWeb/Page_Advantage Shopping/input__confirm_passwordRegisterPage'

12-02-2024T11:32:40 - [MESSAGE][PASSED] - Text 'Cui123' is set on object 'Object Repository/FinalWeb/Page_Advantage Shopping/input__confirm_passwordRegisterPage'

12-02-2024T11:32:40 - [TEST_STEP][PASSED] - setText(findTestObject("Object Repository/FinalWeb/Page_Advantage Shopping/input_PERSONAL DETAILS_first_nameRegisterPage"), firstName): Text 'Cie' is set on object 'Object Repository/FinalWeb/Page_Advantage Shopping/input_PERSONAL DETAILS_first_nameRegisterPage'

12-02-2024T11:32:42 - [MESSAGE][PASSED] - Text 'Cie' is set on object 'Object Repository/FinalWeb/Page_Advantage Shopping/input_PERSONAL DETAILS_first_nameRegisterPage'

12-02-2024T11:32:42 - [TEST_STEP][PASSED] - setText(findTestObject("Object Repository/FinalWeb/Page_Advantage Shopping/input_- Use maximum 30 character_last_nameR_6ef033"), lastName): Text 'ci' is set on object 'Object Repository/FinalWeb/Page_Advantage Shopping/input_- Use maximum 30 character_last_nameR_6ef033'

12-02-2024T11:32:43 - [MESSAGE][PASSED] - Text 'ci' is set on object 'Object Repository/FinalWeb/Page_Advantage Shopping/input_- Use maximum 30 character_last_nameR_6ef033'

12-02-2024T11:32:43 - [TEST_STEP][PASSED] - setText(findTestObject("Object Repository/FinalWeb/Page_Advantage Shopping/input_- Use maximum 30 character_phone_numb_7c938a"), phone): Text '221133' is set on object 'Object Repository/FinalWeb/Page_Advantage Shopping/input_- Use maximum 30 character_phone_numb_7c938a'

12-02-2024T11:32:44 - [MESSAGE][PASSED] - Text '221133' is set on object 'Object Repository/FinalWeb/Page_Advantage Shopping/input_- Use maximum 30 character_phone_numb_7c938a'

12-02-2024T11:32:44 - [TEST_STEP][PASSED] - selectOptionByLabel(findTestObject("FinalWeb/Page_Advantage Shopping/Select Country"), country, true): All options with label 'Algeria' are selected in object 'Object Repository/FinalWeb/Page_Advantage Shopping/Select Country'  using regular expression

12-02-2024T11:32:50 - [MESSAGE][PASSED] - All options with label 'Algeria' are selected in object 'Object Repository/FinalWeb/Page_Advantage Shopping/Select Country'  using regular expression

12-02-2024T11:32:50 - [TEST_STEP][PASSED] - setText(findTestObject("FinalWeb/Page_Advantage Shopping/input_Country_cityRegisterPage"), city): Text 'kk' is set on object 'Object Repository/FinalWeb/Page_Advantage Shopping/input_Country_cityRegisterPage'

12-02-2024T11:32:51 - [MESSAGE][PASSED] - Text 'kk' is set on object 'Object Repository/FinalWeb/Page_Advantage Shopping/input_Country_cityRegisterPage'

12-02-2024T11:32:51 - [TEST_STEP][PASSED] - setText(findTestObject("FinalWeb/Page_Advantage Shopping/AlamatRumah (1)"), address): Text '49' is set on object 'Object Repository/FinalWeb/Page_Advantage Shopping/AlamatRumah (1)'

12-02-2024T11:32:52 - [MESSAGE][PASSED] - Text '49' is set on object 'Object Repository/FinalWeb/Page_Advantage Shopping/AlamatRumah (1)'

12-02-2024T11:32:52 - [TEST_STEP][PASSED] - setText(findTestObject("Object Repository/FinalWeb/Page_Advantage Shopping/input_- Use maximum 50 character_state__pro_272a54"), state): Text 'jekerta' is set on object 'Object Repository/FinalWeb/Page_Advantage Shopping/input_- Use maximum 50 character_state__pro_272a54'

12-02-2024T11:32:53 - [MESSAGE][PASSED] - Text 'jekerta' is set on object 'Object Repository/FinalWeb/Page_Advantage Shopping/input_- Use maximum 50 character_state__pro_272a54'

12-02-2024T11:32:53 - [TEST_STEP][PASSED] - setText(findTestObject("FinalWeb/Page_Advantage Shopping/kkodepos"), "133"): Text '133' is set on object 'Object Repository/FinalWeb/Page_Advantage Shopping/kkodepos'

12-02-2024T11:32:54 - [MESSAGE][PASSED] - Text '133' is set on object 'Object Repository/FinalWeb/Page_Advantage Shopping/kkodepos'

12-02-2024T11:32:54 - [TEST_STEP][PASSED] - if (offer == 1): null

12-02-2024T11:32:54 - [TEST_STEP][PASSED] - else: null

12-02-2024T11:32:54 - [TEST_STEP][PASSED] - println("lanjut"): null

12-02-2024T11:32:54 - [TEST_STEP][PASSED] - click(findTestObject("Object Repository/FinalWeb/Page_Advantage Shopping/TnCbox")): Object: 'Object Repository/FinalWeb/Page_Advantage Shopping/TnCbox' is clicked on

12-02-2024T11:32:55 - [MESSAGE][PASSED] - Object: 'Object Repository/FinalWeb/Page_Advantage Shopping/TnCbox' is clicked on

12-02-2024T11:32:55 - [TEST_STEP][PASSED] - click(findTestObject("Object Repository/FinalWeb/Page_Advantage Shopping/button_REGISTER")): Object: 'Object Repository/FinalWeb/Page_Advantage Shopping/button_REGISTER' is clicked on

12-02-2024T11:32:55 - [MESSAGE][PASSED] - Object: 'Object Repository/FinalWeb/Page_Advantage Shopping/button_REGISTER' is clicked on

12-02-2024T11:32:58 - [TEST_STEP][PASSED] - Video: Video recording for test case 'Test Cases/Final Assignment WEB/Registration' .

12-02-2024T11:32:58 - [MESSAGE][INFO] - Video recording for test case 'Test Cases/Final Assignment WEB/Registration' .]]></system-out>
         <system-err><![CDATA[]]></system-err>
      </testcase>
      <testcase name="Test Cases/Final Assignment WEB/Login" time="16.247" classname="Test Cases/Final Assignment WEB/Login" status="PASSED">
         <system-out><![CDATA[12-02-2024T11:32:58 - [TEST_CASE][PASSED] - Test Cases/Final Assignment WEB/Login: Test Cases/Final Assignment WEB/Login

12-02-2024T11:32:58 - [TEST_STEP][PASSED] - openBrowser(""): Browser is opened with url: ''

12-02-2024T11:32:58 - [MESSAGE][WARNING] - A browser is already opened. Closing browser and opening a new one

12-02-2024T11:32:58 - [MESSAGE][INFO] - Starting 'Chrome' driver

12-02-2024T11:32:58 - [MESSAGE][INFO] - Action delay is set to 0 milliseconds

12-02-2024T11:32:59 - [MESSAGE][PASSED] - Browser is opened with url: ''

12-02-2024T11:32:59 - [TEST_STEP][PASSED] - navigateToUrl("https://advantageonlineshopping.com/"): Navigate to 'https://advantageonlineshopping.com/' successfully

12-02-2024T11:33:02 - [MESSAGE][PASSED] - Navigate to 'https://advantageonlineshopping.com/' successfully

12-02-2024T11:33:02 - [TEST_STEP][PASSED] - click(findTestObject("Object Repository/FinalWeb/Page_Advantage Shopping/svg_CHECKOUT  (0.00)_menuUser")): Object: 'Object Repository/FinalWeb/Page_Advantage Shopping/svg_CHECKOUT  (0.00)_menuUser' is clicked on

12-02-2024T11:33:08 - [MESSAGE][PASSED] - Object: 'Object Repository/FinalWeb/Page_Advantage Shopping/svg_CHECKOUT  (0.00)_menuUser' is clicked on

12-02-2024T11:33:08 - [TEST_STEP][PASSED] - setText(findTestObject("FinalWeb/Page_Advantage Shopping/input_OR_username"), username): Text 'hellowind' is set on object 'Object Repository/FinalWeb/Page_Advantage Shopping/input_OR_username'

12-02-2024T11:33:09 - [MESSAGE][PASSED] - Text 'hellowind' is set on object 'Object Repository/FinalWeb/Page_Advantage Shopping/input_OR_username'

12-02-2024T11:33:09 - [TEST_STEP][PASSED] - setText(findTestObject("FinalWeb/Page_Advantage Shopping/input_Username_password"), password): Text 'Halo1' is set on object 'Object Repository/FinalWeb/Page_Advantage Shopping/input_Username_password'

12-02-2024T11:33:10 - [MESSAGE][PASSED] - Text 'Halo1' is set on object 'Object Repository/FinalWeb/Page_Advantage Shopping/input_Username_password'

12-02-2024T11:33:10 - [TEST_STEP][PASSED] - click(findTestObject("Object Repository/FinalWeb/Page_Advantage Shopping/button_SIGN IN")): Object: 'Object Repository/FinalWeb/Page_Advantage Shopping/button_SIGN IN' is clicked on

12-02-2024T11:33:11 - [MESSAGE][PASSED] - Object: 'Object Repository/FinalWeb/Page_Advantage Shopping/button_SIGN IN' is clicked on

12-02-2024T11:33:11 - [TEST_STEP][PASSED] - verifyTextPresent(username, false): Text 'hellowind' is present on page 

12-02-2024T11:33:12 - [MESSAGE][PASSED] - Text 'hellowind' is present on page 

12-02-2024T11:33:14 - [TEST_STEP][PASSED] - Video: Video recording for test case 'Test Cases/Final Assignment WEB/Login' .

12-02-2024T11:33:14 - [MESSAGE][INFO] - Video recording for test case 'Test Cases/Final Assignment WEB/Login' .]]></system-out>
         <system-err><![CDATA[]]></system-err>
      </testcase>
      <testcase name="Test Cases/Final Assignment WEB/Login" time="21.832" classname="Test Cases/Final Assignment WEB/Login" status="PASSED">
         <system-out><![CDATA[12-02-2024T11:33:14 - [TEST_CASE][PASSED] - Test Cases/Final Assignment WEB/Login: Test Cases/Final Assignment WEB/Login

12-02-2024T11:33:14 - [TEST_STEP][PASSED] - openBrowser(""): Browser is opened with url: ''

12-02-2024T11:33:14 - [MESSAGE][WARNING] - A browser is already opened. Closing browser and opening a new one

12-02-2024T11:33:14 - [MESSAGE][INFO] - Starting 'Chrome' driver

12-02-2024T11:33:14 - [MESSAGE][INFO] - Action delay is set to 0 milliseconds

12-02-2024T11:33:15 - [MESSAGE][PASSED] - Browser is opened with url: ''

12-02-2024T11:33:15 - [TEST_STEP][PASSED] - navigateToUrl("https://advantageonlineshopping.com/"): Navigate to 'https://advantageonlineshopping.com/' successfully

12-02-2024T11:33:17 - [MESSAGE][PASSED] - Navigate to 'https://advantageonlineshopping.com/' successfully

12-02-2024T11:33:17 - [TEST_STEP][PASSED] - click(findTestObject("Object Repository/FinalWeb/Page_Advantage Shopping/svg_CHECKOUT  (0.00)_menuUser")): Object: 'Object Repository/FinalWeb/Page_Advantage Shopping/svg_CHECKOUT  (0.00)_menuUser' is clicked on

12-02-2024T11:33:24 - [MESSAGE][PASSED] - Object: 'Object Repository/FinalWeb/Page_Advantage Shopping/svg_CHECKOUT  (0.00)_menuUser' is clicked on

12-02-2024T11:33:24 - [TEST_STEP][PASSED] - setText(findTestObject("FinalWeb/Page_Advantage Shopping/input_OR_username"), username): Text 'alhamdulillah' is set on object 'Object Repository/FinalWeb/Page_Advantage Shopping/input_OR_username'

12-02-2024T11:33:25 - [MESSAGE][PASSED] - Text 'alhamdulillah' is set on object 'Object Repository/FinalWeb/Page_Advantage Shopping/input_OR_username'

12-02-2024T11:33:25 - [TEST_STEP][PASSED] - setText(findTestObject("FinalWeb/Page_Advantage Shopping/input_Username_password"), password): Text 'Hey123' is set on object 'Object Repository/FinalWeb/Page_Advantage Shopping/input_Username_password'

12-02-2024T11:33:26 - [MESSAGE][PASSED] - Text 'Hey123' is set on object 'Object Repository/FinalWeb/Page_Advantage Shopping/input_Username_password'

12-02-2024T11:33:26 - [TEST_STEP][PASSED] - click(findTestObject("Object Repository/FinalWeb/Page_Advantage Shopping/button_SIGN IN")): Object: 'Object Repository/FinalWeb/Page_Advantage Shopping/button_SIGN IN' is clicked on

12-02-2024T11:33:27 - [MESSAGE][PASSED] - Object: 'Object Repository/FinalWeb/Page_Advantage Shopping/button_SIGN IN' is clicked on

12-02-2024T11:33:27 - [TEST_STEP][PASSED] - verifyTextPresent(username, false): Text 'alhamdulillah' is present on page 

12-02-2024T11:33:34 - [MESSAGE][PASSED] - Text 'alhamdulillah' is present on page 

12-02-2024T11:33:36 - [TEST_STEP][PASSED] - Video: Video recording for test case 'Test Cases/Final Assignment WEB/Login' .

12-02-2024T11:33:36 - [MESSAGE][INFO] - Video recording for test case 'Test Cases/Final Assignment WEB/Login' .]]></system-out>
         <system-err><![CDATA[]]></system-err>
      </testcase>
      <testcase name="Test Cases/Final Assignment WEB/Login" time="17.971" classname="Test Cases/Final Assignment WEB/Login" status="PASSED">
         <system-out><![CDATA[12-02-2024T11:33:36 - [TEST_CASE][PASSED] - Test Cases/Final Assignment WEB/Login: Test Cases/Final Assignment WEB/Login

12-02-2024T11:33:36 - [TEST_STEP][PASSED] - openBrowser(""): Browser is opened with url: ''

12-02-2024T11:33:36 - [MESSAGE][WARNING] - A browser is already opened. Closing browser and opening a new one

12-02-2024T11:33:36 - [MESSAGE][INFO] - Starting 'Chrome' driver

12-02-2024T11:33:36 - [MESSAGE][INFO] - Action delay is set to 0 milliseconds

12-02-2024T11:33:37 - [MESSAGE][PASSED] - Browser is opened with url: ''

12-02-2024T11:33:37 - [TEST_STEP][PASSED] - navigateToUrl("https://advantageonlineshopping.com/"): Navigate to 'https://advantageonlineshopping.com/' successfully

12-02-2024T11:33:40 - [MESSAGE][PASSED] - Navigate to 'https://advantageonlineshopping.com/' successfully

12-02-2024T11:33:40 - [TEST_STEP][PASSED] - click(findTestObject("Object Repository/FinalWeb/Page_Advantage Shopping/svg_CHECKOUT  (0.00)_menuUser")): Object: 'Object Repository/FinalWeb/Page_Advantage Shopping/svg_CHECKOUT  (0.00)_menuUser' is clicked on

12-02-2024T11:33:47 - [MESSAGE][PASSED] - Object: 'Object Repository/FinalWeb/Page_Advantage Shopping/svg_CHECKOUT  (0.00)_menuUser' is clicked on

12-02-2024T11:33:47 - [TEST_STEP][PASSED] - setText(findTestObject("FinalWeb/Page_Advantage Shopping/input_OR_username"), username): Text 'bismillah' is set on object 'Object Repository/FinalWeb/Page_Advantage Shopping/input_OR_username'

12-02-2024T11:33:48 - [MESSAGE][PASSED] - Text 'bismillah' is set on object 'Object Repository/FinalWeb/Page_Advantage Shopping/input_OR_username'

12-02-2024T11:33:48 - [TEST_STEP][PASSED] - setText(findTestObject("FinalWeb/Page_Advantage Shopping/input_Username_password"), password): Text 'Cui123' is set on object 'Object Repository/FinalWeb/Page_Advantage Shopping/input_Username_password'

12-02-2024T11:33:49 - [MESSAGE][PASSED] - Text 'Cui123' is set on object 'Object Repository/FinalWeb/Page_Advantage Shopping/input_Username_password'

12-02-2024T11:33:49 - [TEST_STEP][PASSED] - click(findTestObject("Object Repository/FinalWeb/Page_Advantage Shopping/button_SIGN IN")): Object: 'Object Repository/FinalWeb/Page_Advantage Shopping/button_SIGN IN' is clicked on

12-02-2024T11:33:50 - [MESSAGE][PASSED] - Object: 'Object Repository/FinalWeb/Page_Advantage Shopping/button_SIGN IN' is clicked on

12-02-2024T11:33:50 - [TEST_STEP][PASSED] - verifyTextPresent(username, false): Text 'bismillah' is present on page 

12-02-2024T11:33:52 - [MESSAGE][PASSED] - Text 'bismillah' is present on page 

12-02-2024T11:33:54 - [TEST_STEP][PASSED] - Video: Video recording for test case 'Test Cases/Final Assignment WEB/Login' .

12-02-2024T11:33:54 - [MESSAGE][INFO] - Video recording for test case 'Test Cases/Final Assignment WEB/Login' .]]></system-out>
         <system-err><![CDATA[]]></system-err>
      </testcase>
      <system-out><![CDATA[12-02-2024T11:30:58 - [TEST_SUITE][PASSED] - User Services: Test Cases/Final Assignment WEB/Login]]></system-out>
      <system-err><![CDATA[]]></system-err>
   </testsuite>
</testsuites>
