<?xml version="1.0" encoding="UTF-8"?>
<testsuites name="User Services" time="159.904" tests="6" failures="0" errors="0">
   <testsuite name="User Services" tests="6" failures="0" errors="0" time="159.904" skipped="0" timestamp="12-02-2024T12:03:12" hostname="Maulana Y - DESKTOP-736VERV" id="Test Suites/Final Assignment Web/User Services">
      <properties>
         <property name="deviceName" value=""/>
         <property name="devicePlatform" value=""/>
         <property name="logFolder" value="C:\\Users\\Maulana Y\\git\\qaBootcamp\\Reports\\20240212_120308\\Final Assignment Web\\User Services\\20240212_120309"/>
         <property name="logFiles" value="C:\\Users\\Maulana Y\\git\\qaBootcamp\\Reports\\20240212_120308\\Final Assignment Web\\User Services\\20240212_120309\\execution0.log"/>
         <property name="attachments" value=""/>
         <property name="hostName" value="Maulana Y - DESKTOP-736VERV"/>
         <property name="os" value="Windows 11 64bit"/>
         <property name="katalonVersion" value="9.3.0.212"/>
         <property name="browser" value="Chrome 121.0.0.0"/>
         <property name="hostAddress" value="172.16.213.217"/>
         <property name="sessionId" value="cab0e0e87038890208c4ab3505e51eaa"/>
         <property name="seleniumVersion" value="3.141.59"/>
         <property name="proxyInformation" value="ProxyInformation { proxyOption=NO_PROXY, proxyServerType=HTTP, username=, password=********, proxyServerAddress=, proxyServerPort=0, executionList=&quot;&quot;, isApplyToDesiredCapabilities=true }"/>
         <property name="platform" value="Windows 11"/>
      </properties>
      <testcase name="Test Cases/Final Assignment WEB/Registration" time="41.239" classname="Test Cases/Final Assignment WEB/Registration" status="PASSED">
         <system-out><![CDATA[12-02-2024T12:03:13 - [TEST_CASE][PASSED] - Test Cases/Final Assignment WEB/Registration: Test Cases/Final Assignment WEB/Registration

12-02-2024T12:03:13 - [TEST_STEP][PASSED] - openBrowser(""): Browser is opened with url: ''

12-02-2024T12:03:14 - [MESSAGE][INFO] - Starting 'Chrome' driver

12-02-2024T12:03:14 - [MESSAGE][INFO] - Action delay is set to 0 milliseconds

12-02-2024T12:03:15 - [MESSAGE][PASSED] - Browser is opened with url: ''

12-02-2024T12:03:15 - [TEST_STEP][PASSED] - navigateToUrl(webfinal): Navigate to 'https://advantageonlineshopping.com/' successfully

12-02-2024T12:03:18 - [MESSAGE][PASSED] - Navigate to 'https://advantageonlineshopping.com/' successfully

12-02-2024T12:03:18 - [TEST_STEP][PASSED] - waitForPageLoad(3): Wait for page load successfully

12-02-2024T12:03:19 - [MESSAGE][PASSED] - Wait for page load successfully

12-02-2024T12:03:19 - [TEST_STEP][PASSED] - click(findTestObject("Object Repository/FinalWeb/Page_Advantage Shopping/svg_CHECKOUT  (0.00)_menuUser")): Object: 'Object Repository/FinalWeb/Page_Advantage Shopping/svg_CHECKOUT  (0.00)_menuUser' is clicked on

12-02-2024T12:03:23 - [MESSAGE][PASSED] - Object: 'Object Repository/FinalWeb/Page_Advantage Shopping/svg_CHECKOUT  (0.00)_menuUser' is clicked on

12-02-2024T12:03:23 - [TEST_STEP][PASSED] - click(findTestObject("Object Repository/FinalWeb/Page_Advantage Shopping/a_CREATE NEW ACCOUNT")): Object: 'Object Repository/FinalWeb/Page_Advantage Shopping/a_CREATE NEW ACCOUNT' is clicked on

12-02-2024T12:03:23 - [MESSAGE][PASSED] - Object: 'Object Repository/FinalWeb/Page_Advantage Shopping/a_CREATE NEW ACCOUNT' is clicked on

12-02-2024T12:03:23 - [TEST_STEP][PASSED] - setText(findTestObject("FinalWeb/Page_Advantage Shopping/input__usernameRegisterPage (1)"), username): Text 'hellowind1' is set on object 'Object Repository/FinalWeb/Page_Advantage Shopping/input__usernameRegisterPage (1)'

12-02-2024T12:03:36 - [MESSAGE][PASSED] - Text 'hellowind1' is set on object 'Object Repository/FinalWeb/Page_Advantage Shopping/input__usernameRegisterPage (1)'

12-02-2024T12:03:36 - [TEST_STEP][PASSED] - setText(findTestObject("Object Repository/FinalWeb/Page_Advantage Shopping/input__emailRegisterPage"), email): Text 'katakataa@gmail.com' is set on object 'Object Repository/FinalWeb/Page_Advantage Shopping/input__emailRegisterPage'

12-02-2024T12:03:37 - [MESSAGE][PASSED] - Text 'katakataa@gmail.com' is set on object 'Object Repository/FinalWeb/Page_Advantage Shopping/input__emailRegisterPage'

12-02-2024T12:03:37 - [TEST_STEP][PASSED] - setText(findTestObject("Object Repository/FinalWeb/Page_Advantage Shopping/input__passwordRegisterPage"), password): Text 'Halo1' is set on object 'Object Repository/FinalWeb/Page_Advantage Shopping/input__passwordRegisterPage'

12-02-2024T12:03:38 - [MESSAGE][PASSED] - Text 'Halo1' is set on object 'Object Repository/FinalWeb/Page_Advantage Shopping/input__passwordRegisterPage'

12-02-2024T12:03:38 - [TEST_STEP][PASSED] - setText(findTestObject("Object Repository/FinalWeb/Page_Advantage Shopping/input__confirm_passwordRegisterPage"), cpassword): Text 'Halo1' is set on object 'Object Repository/FinalWeb/Page_Advantage Shopping/input__confirm_passwordRegisterPage'

12-02-2024T12:03:39 - [MESSAGE][PASSED] - Text 'Halo1' is set on object 'Object Repository/FinalWeb/Page_Advantage Shopping/input__confirm_passwordRegisterPage'

12-02-2024T12:03:39 - [TEST_STEP][PASSED] - setText(findTestObject("Object Repository/FinalWeb/Page_Advantage Shopping/input_PERSONAL DETAILS_first_nameRegisterPage"), firstName): Text 'nam' is set on object 'Object Repository/FinalWeb/Page_Advantage Shopping/input_PERSONAL DETAILS_first_nameRegisterPage'

12-02-2024T12:03:40 - [MESSAGE][PASSED] - Text 'nam' is set on object 'Object Repository/FinalWeb/Page_Advantage Shopping/input_PERSONAL DETAILS_first_nameRegisterPage'

12-02-2024T12:03:40 - [TEST_STEP][PASSED] - setText(findTestObject("Object Repository/FinalWeb/Page_Advantage Shopping/input_- Use maximum 30 character_last_nameR_6ef033"), lastName): Text 'mu' is set on object 'Object Repository/FinalWeb/Page_Advantage Shopping/input_- Use maximum 30 character_last_nameR_6ef033'

12-02-2024T12:03:41 - [MESSAGE][PASSED] - Text 'mu' is set on object 'Object Repository/FinalWeb/Page_Advantage Shopping/input_- Use maximum 30 character_last_nameR_6ef033'

12-02-2024T12:03:41 - [TEST_STEP][PASSED] - setText(findTestObject("Object Repository/FinalWeb/Page_Advantage Shopping/input_- Use maximum 30 character_phone_numb_7c938a"), phone): Text '112233' is set on object 'Object Repository/FinalWeb/Page_Advantage Shopping/input_- Use maximum 30 character_phone_numb_7c938a'

12-02-2024T12:03:42 - [MESSAGE][PASSED] - Text '112233' is set on object 'Object Repository/FinalWeb/Page_Advantage Shopping/input_- Use maximum 30 character_phone_numb_7c938a'

12-02-2024T12:03:42 - [TEST_STEP][PASSED] - selectOptionByLabel(findTestObject("FinalWeb/Page_Advantage Shopping/Select Country"), country, true): All options with label 'Afganistan' are selected in object 'Object Repository/FinalWeb/Page_Advantage Shopping/Select Country'  using regular expression

12-02-2024T12:03:47 - [MESSAGE][PASSED] - All options with label 'Afganistan' are selected in object 'Object Repository/FinalWeb/Page_Advantage Shopping/Select Country'  using regular expression

12-02-2024T12:03:47 - [TEST_STEP][PASSED] - setText(findTestObject("FinalWeb/Page_Advantage Shopping/input_Country_cityRegisterPage"), city): Text 'jkt' is set on object 'Object Repository/FinalWeb/Page_Advantage Shopping/input_Country_cityRegisterPage'

12-02-2024T12:03:47 - [MESSAGE][PASSED] - Text 'jkt' is set on object 'Object Repository/FinalWeb/Page_Advantage Shopping/input_Country_cityRegisterPage'

12-02-2024T12:03:47 - [TEST_STEP][PASSED] - setText(findTestObject("FinalWeb/Page_Advantage Shopping/AlamatRumah (1)"), address): Text '48' is set on object 'Object Repository/FinalWeb/Page_Advantage Shopping/AlamatRumah (1)'

12-02-2024T12:03:49 - [MESSAGE][PASSED] - Text '48' is set on object 'Object Repository/FinalWeb/Page_Advantage Shopping/AlamatRumah (1)'

12-02-2024T12:03:49 - [TEST_STEP][PASSED] - setText(findTestObject("Object Repository/FinalWeb/Page_Advantage Shopping/input_- Use maximum 50 character_state__pro_272a54"), state): Text 'indo' is set on object 'Object Repository/FinalWeb/Page_Advantage Shopping/input_- Use maximum 50 character_state__pro_272a54'

12-02-2024T12:03:50 - [MESSAGE][PASSED] - Text 'indo' is set on object 'Object Repository/FinalWeb/Page_Advantage Shopping/input_- Use maximum 50 character_state__pro_272a54'

12-02-2024T12:03:50 - [TEST_STEP][PASSED] - setText(findTestObject("FinalWeb/Page_Advantage Shopping/kkodepos"), "133"): Text '133' is set on object 'Object Repository/FinalWeb/Page_Advantage Shopping/kkodepos'

12-02-2024T12:03:51 - [MESSAGE][PASSED] - Text '133' is set on object 'Object Repository/FinalWeb/Page_Advantage Shopping/kkodepos'

12-02-2024T12:03:51 - [TEST_STEP][PASSED] - if (offer == 1): null

12-02-2024T12:03:51 - [TEST_STEP][PASSED] - else: null

12-02-2024T12:03:51 - [TEST_STEP][PASSED] - println("lanjut"): null

12-02-2024T12:03:51 - [TEST_STEP][PASSED] - click(findTestObject("Object Repository/FinalWeb/Page_Advantage Shopping/TnCbox")): Object: 'Object Repository/FinalWeb/Page_Advantage Shopping/TnCbox' is clicked on

12-02-2024T12:03:51 - [MESSAGE][PASSED] - Object: 'Object Repository/FinalWeb/Page_Advantage Shopping/TnCbox' is clicked on

12-02-2024T12:03:51 - [TEST_STEP][PASSED] - click(findTestObject("Object Repository/FinalWeb/Page_Advantage Shopping/button_REGISTER")): Object: 'Object Repository/FinalWeb/Page_Advantage Shopping/button_REGISTER' is clicked on

12-02-2024T12:03:52 - [MESSAGE][PASSED] - Object: 'Object Repository/FinalWeb/Page_Advantage Shopping/button_REGISTER' is clicked on

12-02-2024T12:03:54 - [TEST_STEP][PASSED] - Video: Video recording for test case 'Test Cases/Final Assignment WEB/Registration' .

12-02-2024T12:03:54 - [MESSAGE][INFO] - Video recording for test case 'Test Cases/Final Assignment WEB/Registration' .]]></system-out>
         <system-err><![CDATA[]]></system-err>
      </testcase>
      <testcase name="Test Cases/Final Assignment WEB/Registration" time="34.601" classname="Test Cases/Final Assignment WEB/Registration" status="PASSED">
         <system-out><![CDATA[12-02-2024T12:03:54 - [TEST_CASE][PASSED] - Test Cases/Final Assignment WEB/Registration: Test Cases/Final Assignment WEB/Registration

12-02-2024T12:03:54 - [TEST_STEP][PASSED] - openBrowser(""): Browser is opened with url: ''

12-02-2024T12:03:54 - [MESSAGE][WARNING] - A browser is already opened. Closing browser and opening a new one

12-02-2024T12:03:54 - [MESSAGE][INFO] - Starting 'Chrome' driver

12-02-2024T12:03:54 - [MESSAGE][INFO] - Action delay is set to 0 milliseconds

12-02-2024T12:03:55 - [MESSAGE][PASSED] - Browser is opened with url: ''

12-02-2024T12:03:55 - [TEST_STEP][PASSED] - navigateToUrl(webfinal): Navigate to 'https://advantageonlineshopping.com/' successfully

12-02-2024T12:03:58 - [MESSAGE][PASSED] - Navigate to 'https://advantageonlineshopping.com/' successfully

12-02-2024T12:03:58 - [TEST_STEP][PASSED] - waitForPageLoad(3): Wait for page load successfully

12-02-2024T12:03:58 - [MESSAGE][PASSED] - Wait for page load successfully

12-02-2024T12:03:58 - [TEST_STEP][PASSED] - click(findTestObject("Object Repository/FinalWeb/Page_Advantage Shopping/svg_CHECKOUT  (0.00)_menuUser")): Object: 'Object Repository/FinalWeb/Page_Advantage Shopping/svg_CHECKOUT  (0.00)_menuUser' is clicked on

12-02-2024T12:04:04 - [MESSAGE][PASSED] - Object: 'Object Repository/FinalWeb/Page_Advantage Shopping/svg_CHECKOUT  (0.00)_menuUser' is clicked on

12-02-2024T12:04:04 - [TEST_STEP][PASSED] - click(findTestObject("Object Repository/FinalWeb/Page_Advantage Shopping/a_CREATE NEW ACCOUNT")): Object: 'Object Repository/FinalWeb/Page_Advantage Shopping/a_CREATE NEW ACCOUNT' is clicked on

12-02-2024T12:04:05 - [MESSAGE][PASSED] - Object: 'Object Repository/FinalWeb/Page_Advantage Shopping/a_CREATE NEW ACCOUNT' is clicked on

12-02-2024T12:04:05 - [TEST_STEP][PASSED] - setText(findTestObject("FinalWeb/Page_Advantage Shopping/input__usernameRegisterPage (1)"), username): Text 'alhamdulillah1' is set on object 'Object Repository/FinalWeb/Page_Advantage Shopping/input__usernameRegisterPage (1)'

12-02-2024T12:04:11 - [MESSAGE][PASSED] - Text 'alhamdulillah1' is set on object 'Object Repository/FinalWeb/Page_Advantage Shopping/input__usernameRegisterPage (1)'

12-02-2024T12:04:11 - [TEST_STEP][PASSED] - setText(findTestObject("Object Repository/FinalWeb/Page_Advantage Shopping/input__emailRegisterPage"), email): Text 'kelasqaasika@gmail.com' is set on object 'Object Repository/FinalWeb/Page_Advantage Shopping/input__emailRegisterPage'

12-02-2024T12:04:12 - [MESSAGE][PASSED] - Text 'kelasqaasika@gmail.com' is set on object 'Object Repository/FinalWeb/Page_Advantage Shopping/input__emailRegisterPage'

12-02-2024T12:04:12 - [TEST_STEP][PASSED] - setText(findTestObject("Object Repository/FinalWeb/Page_Advantage Shopping/input__passwordRegisterPage"), password): Text 'Hey123' is set on object 'Object Repository/FinalWeb/Page_Advantage Shopping/input__passwordRegisterPage'

12-02-2024T12:04:13 - [MESSAGE][PASSED] - Text 'Hey123' is set on object 'Object Repository/FinalWeb/Page_Advantage Shopping/input__passwordRegisterPage'

12-02-2024T12:04:13 - [TEST_STEP][PASSED] - setText(findTestObject("Object Repository/FinalWeb/Page_Advantage Shopping/input__confirm_passwordRegisterPage"), cpassword): Text 'Hey123' is set on object 'Object Repository/FinalWeb/Page_Advantage Shopping/input__confirm_passwordRegisterPage'

12-02-2024T12:04:14 - [MESSAGE][PASSED] - Text 'Hey123' is set on object 'Object Repository/FinalWeb/Page_Advantage Shopping/input__confirm_passwordRegisterPage'

12-02-2024T12:04:14 - [TEST_STEP][PASSED] - setText(findTestObject("Object Repository/FinalWeb/Page_Advantage Shopping/input_PERSONAL DETAILS_first_nameRegisterPage"), firstName): Text 'nama' is set on object 'Object Repository/FinalWeb/Page_Advantage Shopping/input_PERSONAL DETAILS_first_nameRegisterPage'

12-02-2024T12:04:15 - [MESSAGE][PASSED] - Text 'nama' is set on object 'Object Repository/FinalWeb/Page_Advantage Shopping/input_PERSONAL DETAILS_first_nameRegisterPage'

12-02-2024T12:04:15 - [TEST_STEP][PASSED] - setText(findTestObject("Object Repository/FinalWeb/Page_Advantage Shopping/input_- Use maximum 30 character_last_nameR_6ef033"), lastName): Text 'sata' is set on object 'Object Repository/FinalWeb/Page_Advantage Shopping/input_- Use maximum 30 character_last_nameR_6ef033'

12-02-2024T12:04:17 - [MESSAGE][PASSED] - Text 'sata' is set on object 'Object Repository/FinalWeb/Page_Advantage Shopping/input_- Use maximum 30 character_last_nameR_6ef033'

12-02-2024T12:04:17 - [TEST_STEP][PASSED] - setText(findTestObject("Object Repository/FinalWeb/Page_Advantage Shopping/input_- Use maximum 30 character_phone_numb_7c938a"), phone): Text '123123' is set on object 'Object Repository/FinalWeb/Page_Advantage Shopping/input_- Use maximum 30 character_phone_numb_7c938a'

12-02-2024T12:04:18 - [MESSAGE][PASSED] - Text '123123' is set on object 'Object Repository/FinalWeb/Page_Advantage Shopping/input_- Use maximum 30 character_phone_numb_7c938a'

12-02-2024T12:04:18 - [TEST_STEP][PASSED] - selectOptionByLabel(findTestObject("FinalWeb/Page_Advantage Shopping/Select Country"), country, true): All options with label 'Albania' are selected in object 'Object Repository/FinalWeb/Page_Advantage Shopping/Select Country'  using regular expression

12-02-2024T12:04:21 - [MESSAGE][PASSED] - All options with label 'Albania' are selected in object 'Object Repository/FinalWeb/Page_Advantage Shopping/Select Country'  using regular expression

12-02-2024T12:04:21 - [TEST_STEP][PASSED] - setText(findTestObject("FinalWeb/Page_Advantage Shopping/input_Country_cityRegisterPage"), city): Text 'akb' is set on object 'Object Repository/FinalWeb/Page_Advantage Shopping/input_Country_cityRegisterPage'

12-02-2024T12:04:22 - [MESSAGE][PASSED] - Text 'akb' is set on object 'Object Repository/FinalWeb/Page_Advantage Shopping/input_Country_cityRegisterPage'

12-02-2024T12:04:22 - [TEST_STEP][PASSED] - setText(findTestObject("FinalWeb/Page_Advantage Shopping/AlamatRumah (1)"), address): Text '312' is set on object 'Object Repository/FinalWeb/Page_Advantage Shopping/AlamatRumah (1)'

12-02-2024T12:04:23 - [MESSAGE][PASSED] - Text '312' is set on object 'Object Repository/FinalWeb/Page_Advantage Shopping/AlamatRumah (1)'

12-02-2024T12:04:23 - [TEST_STEP][PASSED] - setText(findTestObject("Object Repository/FinalWeb/Page_Advantage Shopping/input_- Use maximum 50 character_state__pro_272a54"), state): Text 'cindo' is set on object 'Object Repository/FinalWeb/Page_Advantage Shopping/input_- Use maximum 50 character_state__pro_272a54'

12-02-2024T12:04:24 - [MESSAGE][PASSED] - Text 'cindo' is set on object 'Object Repository/FinalWeb/Page_Advantage Shopping/input_- Use maximum 50 character_state__pro_272a54'

12-02-2024T12:04:24 - [TEST_STEP][PASSED] - setText(findTestObject("FinalWeb/Page_Advantage Shopping/kkodepos"), "133"): Text '133' is set on object 'Object Repository/FinalWeb/Page_Advantage Shopping/kkodepos'

12-02-2024T12:04:25 - [MESSAGE][PASSED] - Text '133' is set on object 'Object Repository/FinalWeb/Page_Advantage Shopping/kkodepos'

12-02-2024T12:04:25 - [TEST_STEP][PASSED] - if (offer == 1): null

12-02-2024T12:04:25 - [TEST_STEP][PASSED] - else: null

12-02-2024T12:04:25 - [TEST_STEP][PASSED] - println("lanjut"): null

12-02-2024T12:04:25 - [TEST_STEP][PASSED] - click(findTestObject("Object Repository/FinalWeb/Page_Advantage Shopping/TnCbox")): Object: 'Object Repository/FinalWeb/Page_Advantage Shopping/TnCbox' is clicked on

12-02-2024T12:04:26 - [MESSAGE][PASSED] - Object: 'Object Repository/FinalWeb/Page_Advantage Shopping/TnCbox' is clicked on

12-02-2024T12:04:26 - [TEST_STEP][PASSED] - click(findTestObject("Object Repository/FinalWeb/Page_Advantage Shopping/button_REGISTER")): Object: 'Object Repository/FinalWeb/Page_Advantage Shopping/button_REGISTER' is clicked on

12-02-2024T12:04:27 - [MESSAGE][PASSED] - Object: 'Object Repository/FinalWeb/Page_Advantage Shopping/button_REGISTER' is clicked on

12-02-2024T12:04:29 - [TEST_STEP][PASSED] - Video: Video recording for test case 'Test Cases/Final Assignment WEB/Registration' .

12-02-2024T12:04:29 - [MESSAGE][INFO] - Video recording for test case 'Test Cases/Final Assignment WEB/Registration' .]]></system-out>
         <system-err><![CDATA[]]></system-err>
      </testcase>
      <testcase name="Test Cases/Final Assignment WEB/Registration" time="33.517" classname="Test Cases/Final Assignment WEB/Registration" status="PASSED">
         <system-out><![CDATA[12-02-2024T12:04:29 - [TEST_CASE][PASSED] - Test Cases/Final Assignment WEB/Registration: Test Cases/Final Assignment WEB/Registration

12-02-2024T12:04:29 - [TEST_STEP][PASSED] - openBrowser(""): Browser is opened with url: ''

12-02-2024T12:04:29 - [MESSAGE][WARNING] - A browser is already opened. Closing browser and opening a new one

12-02-2024T12:04:29 - [MESSAGE][INFO] - Starting 'Chrome' driver

12-02-2024T12:04:29 - [MESSAGE][INFO] - Action delay is set to 0 milliseconds

12-02-2024T12:04:30 - [MESSAGE][PASSED] - Browser is opened with url: ''

12-02-2024T12:04:30 - [TEST_STEP][PASSED] - navigateToUrl(webfinal): Navigate to 'https://advantageonlineshopping.com/' successfully

12-02-2024T12:04:32 - [MESSAGE][PASSED] - Navigate to 'https://advantageonlineshopping.com/' successfully

12-02-2024T12:04:32 - [TEST_STEP][PASSED] - waitForPageLoad(3): Wait for page load successfully

12-02-2024T12:04:32 - [MESSAGE][PASSED] - Wait for page load successfully

12-02-2024T12:04:32 - [TEST_STEP][PASSED] - click(findTestObject("Object Repository/FinalWeb/Page_Advantage Shopping/svg_CHECKOUT  (0.00)_menuUser")): Object: 'Object Repository/FinalWeb/Page_Advantage Shopping/svg_CHECKOUT  (0.00)_menuUser' is clicked on

12-02-2024T12:04:40 - [MESSAGE][PASSED] - Object: 'Object Repository/FinalWeb/Page_Advantage Shopping/svg_CHECKOUT  (0.00)_menuUser' is clicked on

12-02-2024T12:04:40 - [TEST_STEP][PASSED] - click(findTestObject("Object Repository/FinalWeb/Page_Advantage Shopping/a_CREATE NEW ACCOUNT")): Object: 'Object Repository/FinalWeb/Page_Advantage Shopping/a_CREATE NEW ACCOUNT' is clicked on

12-02-2024T12:04:40 - [MESSAGE][PASSED] - Object: 'Object Repository/FinalWeb/Page_Advantage Shopping/a_CREATE NEW ACCOUNT' is clicked on

12-02-2024T12:04:40 - [TEST_STEP][PASSED] - setText(findTestObject("FinalWeb/Page_Advantage Shopping/input__usernameRegisterPage (1)"), username): Text 'bismillah1' is set on object 'Object Repository/FinalWeb/Page_Advantage Shopping/input__usernameRegisterPage (1)'

12-02-2024T12:04:45 - [MESSAGE][PASSED] - Text 'bismillah1' is set on object 'Object Repository/FinalWeb/Page_Advantage Shopping/input__usernameRegisterPage (1)'

12-02-2024T12:04:45 - [TEST_STEP][PASSED] - setText(findTestObject("Object Repository/FinalWeb/Page_Advantage Shopping/input__emailRegisterPage"), email): Text 'ciyea@gmail.com' is set on object 'Object Repository/FinalWeb/Page_Advantage Shopping/input__emailRegisterPage'

12-02-2024T12:04:46 - [MESSAGE][PASSED] - Text 'ciyea@gmail.com' is set on object 'Object Repository/FinalWeb/Page_Advantage Shopping/input__emailRegisterPage'

12-02-2024T12:04:46 - [TEST_STEP][PASSED] - setText(findTestObject("Object Repository/FinalWeb/Page_Advantage Shopping/input__passwordRegisterPage"), password): Text 'Cui123' is set on object 'Object Repository/FinalWeb/Page_Advantage Shopping/input__passwordRegisterPage'

12-02-2024T12:04:47 - [MESSAGE][PASSED] - Text 'Cui123' is set on object 'Object Repository/FinalWeb/Page_Advantage Shopping/input__passwordRegisterPage'

12-02-2024T12:04:47 - [TEST_STEP][PASSED] - setText(findTestObject("Object Repository/FinalWeb/Page_Advantage Shopping/input__confirm_passwordRegisterPage"), cpassword): Text 'Cui123' is set on object 'Object Repository/FinalWeb/Page_Advantage Shopping/input__confirm_passwordRegisterPage'

12-02-2024T12:04:48 - [MESSAGE][PASSED] - Text 'Cui123' is set on object 'Object Repository/FinalWeb/Page_Advantage Shopping/input__confirm_passwordRegisterPage'

12-02-2024T12:04:48 - [TEST_STEP][PASSED] - setText(findTestObject("Object Repository/FinalWeb/Page_Advantage Shopping/input_PERSONAL DETAILS_first_nameRegisterPage"), firstName): Text 'Cie' is set on object 'Object Repository/FinalWeb/Page_Advantage Shopping/input_PERSONAL DETAILS_first_nameRegisterPage'

12-02-2024T12:04:49 - [MESSAGE][PASSED] - Text 'Cie' is set on object 'Object Repository/FinalWeb/Page_Advantage Shopping/input_PERSONAL DETAILS_first_nameRegisterPage'

12-02-2024T12:04:49 - [TEST_STEP][PASSED] - setText(findTestObject("Object Repository/FinalWeb/Page_Advantage Shopping/input_- Use maximum 30 character_last_nameR_6ef033"), lastName): Text 'ci' is set on object 'Object Repository/FinalWeb/Page_Advantage Shopping/input_- Use maximum 30 character_last_nameR_6ef033'

12-02-2024T12:04:50 - [MESSAGE][PASSED] - Text 'ci' is set on object 'Object Repository/FinalWeb/Page_Advantage Shopping/input_- Use maximum 30 character_last_nameR_6ef033'

12-02-2024T12:04:50 - [TEST_STEP][PASSED] - setText(findTestObject("Object Repository/FinalWeb/Page_Advantage Shopping/input_- Use maximum 30 character_phone_numb_7c938a"), phone): Text '221133' is set on object 'Object Repository/FinalWeb/Page_Advantage Shopping/input_- Use maximum 30 character_phone_numb_7c938a'

12-02-2024T12:04:51 - [MESSAGE][PASSED] - Text '221133' is set on object 'Object Repository/FinalWeb/Page_Advantage Shopping/input_- Use maximum 30 character_phone_numb_7c938a'

12-02-2024T12:04:51 - [TEST_STEP][PASSED] - selectOptionByLabel(findTestObject("FinalWeb/Page_Advantage Shopping/Select Country"), country, true): All options with label 'Algeria' are selected in object 'Object Repository/FinalWeb/Page_Advantage Shopping/Select Country'  using regular expression

12-02-2024T12:04:55 - [MESSAGE][PASSED] - All options with label 'Algeria' are selected in object 'Object Repository/FinalWeb/Page_Advantage Shopping/Select Country'  using regular expression

12-02-2024T12:04:55 - [TEST_STEP][PASSED] - setText(findTestObject("FinalWeb/Page_Advantage Shopping/input_Country_cityRegisterPage"), city): Text 'kk' is set on object 'Object Repository/FinalWeb/Page_Advantage Shopping/input_Country_cityRegisterPage'

12-02-2024T12:04:56 - [MESSAGE][PASSED] - Text 'kk' is set on object 'Object Repository/FinalWeb/Page_Advantage Shopping/input_Country_cityRegisterPage'

12-02-2024T12:04:56 - [TEST_STEP][PASSED] - setText(findTestObject("FinalWeb/Page_Advantage Shopping/AlamatRumah (1)"), address): Text '49' is set on object 'Object Repository/FinalWeb/Page_Advantage Shopping/AlamatRumah (1)'

12-02-2024T12:04:57 - [MESSAGE][PASSED] - Text '49' is set on object 'Object Repository/FinalWeb/Page_Advantage Shopping/AlamatRumah (1)'

12-02-2024T12:04:57 - [TEST_STEP][PASSED] - setText(findTestObject("Object Repository/FinalWeb/Page_Advantage Shopping/input_- Use maximum 50 character_state__pro_272a54"), state): Text 'jekerta' is set on object 'Object Repository/FinalWeb/Page_Advantage Shopping/input_- Use maximum 50 character_state__pro_272a54'

12-02-2024T12:04:58 - [MESSAGE][PASSED] - Text 'jekerta' is set on object 'Object Repository/FinalWeb/Page_Advantage Shopping/input_- Use maximum 50 character_state__pro_272a54'

12-02-2024T12:04:58 - [TEST_STEP][PASSED] - setText(findTestObject("FinalWeb/Page_Advantage Shopping/kkodepos"), "133"): Text '133' is set on object 'Object Repository/FinalWeb/Page_Advantage Shopping/kkodepos'

12-02-2024T12:04:59 - [MESSAGE][PASSED] - Text '133' is set on object 'Object Repository/FinalWeb/Page_Advantage Shopping/kkodepos'

12-02-2024T12:04:59 - [TEST_STEP][PASSED] - if (offer == 1): null

12-02-2024T12:04:59 - [TEST_STEP][PASSED] - else: null

12-02-2024T12:04:59 - [TEST_STEP][PASSED] - println("lanjut"): null

12-02-2024T12:04:59 - [TEST_STEP][PASSED] - click(findTestObject("Object Repository/FinalWeb/Page_Advantage Shopping/TnCbox")): Object: 'Object Repository/FinalWeb/Page_Advantage Shopping/TnCbox' is clicked on

12-02-2024T12:05:00 - [MESSAGE][PASSED] - Object: 'Object Repository/FinalWeb/Page_Advantage Shopping/TnCbox' is clicked on

12-02-2024T12:05:00 - [TEST_STEP][PASSED] - click(findTestObject("Object Repository/FinalWeb/Page_Advantage Shopping/button_REGISTER")): Object: 'Object Repository/FinalWeb/Page_Advantage Shopping/button_REGISTER' is clicked on

12-02-2024T12:05:00 - [MESSAGE][PASSED] - Object: 'Object Repository/FinalWeb/Page_Advantage Shopping/button_REGISTER' is clicked on

12-02-2024T12:05:02 - [TEST_STEP][PASSED] - Video: Video recording for test case 'Test Cases/Final Assignment WEB/Registration' .

12-02-2024T12:05:02 - [MESSAGE][INFO] - Video recording for test case 'Test Cases/Final Assignment WEB/Registration' .]]></system-out>
         <system-err><![CDATA[]]></system-err>
      </testcase>
      <testcase name="Test Cases/Final Assignment WEB/Login" time="16.17" classname="Test Cases/Final Assignment WEB/Login" status="PASSED">
         <system-out><![CDATA[12-02-2024T12:05:02 - [TEST_CASE][PASSED] - Test Cases/Final Assignment WEB/Login: Test Cases/Final Assignment WEB/Login

12-02-2024T12:05:02 - [TEST_STEP][PASSED] - openBrowser(""): Browser is opened with url: ''

12-02-2024T12:05:02 - [MESSAGE][WARNING] - A browser is already opened. Closing browser and opening a new one

12-02-2024T12:05:03 - [MESSAGE][INFO] - Starting 'Chrome' driver

12-02-2024T12:05:03 - [MESSAGE][INFO] - Action delay is set to 0 milliseconds

12-02-2024T12:05:03 - [MESSAGE][PASSED] - Browser is opened with url: ''

12-02-2024T12:05:03 - [TEST_STEP][PASSED] - navigateToUrl("https://advantageonlineshopping.com/"): Navigate to 'https://advantageonlineshopping.com/' successfully

12-02-2024T12:05:06 - [MESSAGE][PASSED] - Navigate to 'https://advantageonlineshopping.com/' successfully

12-02-2024T12:05:06 - [TEST_STEP][PASSED] - click(findTestObject("Object Repository/FinalWeb/Page_Advantage Shopping/svg_CHECKOUT  (0.00)_menuUser")): Object: 'Object Repository/FinalWeb/Page_Advantage Shopping/svg_CHECKOUT  (0.00)_menuUser' is clicked on

12-02-2024T12:05:12 - [MESSAGE][PASSED] - Object: 'Object Repository/FinalWeb/Page_Advantage Shopping/svg_CHECKOUT  (0.00)_menuUser' is clicked on

12-02-2024T12:05:12 - [TEST_STEP][PASSED] - setText(findTestObject("FinalWeb/Page_Advantage Shopping/input_OR_username"), username): Text 'hellowind1' is set on object 'Object Repository/FinalWeb/Page_Advantage Shopping/input_OR_username'

12-02-2024T12:05:13 - [MESSAGE][PASSED] - Text 'hellowind1' is set on object 'Object Repository/FinalWeb/Page_Advantage Shopping/input_OR_username'

12-02-2024T12:05:13 - [TEST_STEP][PASSED] - setText(findTestObject("FinalWeb/Page_Advantage Shopping/input_Username_password"), password): Text 'Halo1' is set on object 'Object Repository/FinalWeb/Page_Advantage Shopping/input_Username_password'

12-02-2024T12:05:15 - [MESSAGE][PASSED] - Text 'Halo1' is set on object 'Object Repository/FinalWeb/Page_Advantage Shopping/input_Username_password'

12-02-2024T12:05:15 - [TEST_STEP][PASSED] - click(findTestObject("Object Repository/FinalWeb/Page_Advantage Shopping/button_SIGN IN")): Object: 'Object Repository/FinalWeb/Page_Advantage Shopping/button_SIGN IN' is clicked on

12-02-2024T12:05:15 - [MESSAGE][PASSED] - Object: 'Object Repository/FinalWeb/Page_Advantage Shopping/button_SIGN IN' is clicked on

12-02-2024T12:05:15 - [TEST_STEP][PASSED] - verifyTextPresent(username, false): Text 'hellowind1' is present on page 

12-02-2024T12:05:16 - [MESSAGE][PASSED] - Text 'hellowind1' is present on page 

12-02-2024T12:05:18 - [TEST_STEP][PASSED] - Video: Video recording for test case 'Test Cases/Final Assignment WEB/Login' .

12-02-2024T12:05:18 - [MESSAGE][INFO] - Video recording for test case 'Test Cases/Final Assignment WEB/Login' .]]></system-out>
         <system-err><![CDATA[]]></system-err>
      </testcase>
      <testcase name="Test Cases/Final Assignment WEB/Login" time="17.641" classname="Test Cases/Final Assignment WEB/Login" status="PASSED">
         <system-out><![CDATA[12-02-2024T12:05:19 - [TEST_CASE][PASSED] - Test Cases/Final Assignment WEB/Login: Test Cases/Final Assignment WEB/Login

12-02-2024T12:05:19 - [TEST_STEP][PASSED] - openBrowser(""): Browser is opened with url: ''

12-02-2024T12:05:19 - [MESSAGE][WARNING] - A browser is already opened. Closing browser and opening a new one

12-02-2024T12:05:19 - [MESSAGE][INFO] - Starting 'Chrome' driver

12-02-2024T12:05:19 - [MESSAGE][INFO] - Action delay is set to 0 milliseconds

12-02-2024T12:05:19 - [MESSAGE][PASSED] - Browser is opened with url: ''

12-02-2024T12:05:19 - [TEST_STEP][PASSED] - navigateToUrl("https://advantageonlineshopping.com/"): Navigate to 'https://advantageonlineshopping.com/' successfully

12-02-2024T12:05:22 - [MESSAGE][PASSED] - Navigate to 'https://advantageonlineshopping.com/' successfully

12-02-2024T12:05:22 - [TEST_STEP][PASSED] - click(findTestObject("Object Repository/FinalWeb/Page_Advantage Shopping/svg_CHECKOUT  (0.00)_menuUser")): Object: 'Object Repository/FinalWeb/Page_Advantage Shopping/svg_CHECKOUT  (0.00)_menuUser' is clicked on

12-02-2024T12:05:28 - [MESSAGE][PASSED] - Object: 'Object Repository/FinalWeb/Page_Advantage Shopping/svg_CHECKOUT  (0.00)_menuUser' is clicked on

12-02-2024T12:05:28 - [TEST_STEP][PASSED] - setText(findTestObject("FinalWeb/Page_Advantage Shopping/input_OR_username"), username): Text 'alhamdulillah1' is set on object 'Object Repository/FinalWeb/Page_Advantage Shopping/input_OR_username'

12-02-2024T12:05:29 - [MESSAGE][PASSED] - Text 'alhamdulillah1' is set on object 'Object Repository/FinalWeb/Page_Advantage Shopping/input_OR_username'

12-02-2024T12:05:29 - [TEST_STEP][PASSED] - setText(findTestObject("FinalWeb/Page_Advantage Shopping/input_Username_password"), password): Text 'Hey123' is set on object 'Object Repository/FinalWeb/Page_Advantage Shopping/input_Username_password'

12-02-2024T12:05:31 - [MESSAGE][PASSED] - Text 'Hey123' is set on object 'Object Repository/FinalWeb/Page_Advantage Shopping/input_Username_password'

12-02-2024T12:05:31 - [TEST_STEP][PASSED] - click(findTestObject("Object Repository/FinalWeb/Page_Advantage Shopping/button_SIGN IN")): Object: 'Object Repository/FinalWeb/Page_Advantage Shopping/button_SIGN IN' is clicked on

12-02-2024T12:05:31 - [MESSAGE][PASSED] - Object: 'Object Repository/FinalWeb/Page_Advantage Shopping/button_SIGN IN' is clicked on

12-02-2024T12:05:31 - [TEST_STEP][PASSED] - verifyTextPresent(username, false): Text 'alhamdulillah1' is present on page 

12-02-2024T12:05:34 - [MESSAGE][PASSED] - Text 'alhamdulillah1' is present on page 

12-02-2024T12:05:36 - [TEST_STEP][PASSED] - Video: Video recording for test case 'Test Cases/Final Assignment WEB/Login' .

12-02-2024T12:05:36 - [MESSAGE][INFO] - Video recording for test case 'Test Cases/Final Assignment WEB/Login' .]]></system-out>
         <system-err><![CDATA[]]></system-err>
      </testcase>
      <testcase name="Test Cases/Final Assignment WEB/Login" time="16.158" classname="Test Cases/Final Assignment WEB/Login" status="PASSED">
         <system-out><![CDATA[12-02-2024T12:05:36 - [TEST_CASE][PASSED] - Test Cases/Final Assignment WEB/Login: Test Cases/Final Assignment WEB/Login

12-02-2024T12:05:36 - [TEST_STEP][PASSED] - openBrowser(""): Browser is opened with url: ''

12-02-2024T12:05:36 - [MESSAGE][WARNING] - A browser is already opened. Closing browser and opening a new one

12-02-2024T12:05:36 - [MESSAGE][INFO] - Starting 'Chrome' driver

12-02-2024T12:05:36 - [MESSAGE][INFO] - Action delay is set to 0 milliseconds

12-02-2024T12:05:37 - [MESSAGE][PASSED] - Browser is opened with url: ''

12-02-2024T12:05:37 - [TEST_STEP][PASSED] - navigateToUrl("https://advantageonlineshopping.com/"): Navigate to 'https://advantageonlineshopping.com/' successfully

12-02-2024T12:05:40 - [MESSAGE][PASSED] - Navigate to 'https://advantageonlineshopping.com/' successfully

12-02-2024T12:05:40 - [TEST_STEP][PASSED] - click(findTestObject("Object Repository/FinalWeb/Page_Advantage Shopping/svg_CHECKOUT  (0.00)_menuUser")): Object: 'Object Repository/FinalWeb/Page_Advantage Shopping/svg_CHECKOUT  (0.00)_menuUser' is clicked on

12-02-2024T12:05:46 - [MESSAGE][PASSED] - Object: 'Object Repository/FinalWeb/Page_Advantage Shopping/svg_CHECKOUT  (0.00)_menuUser' is clicked on

12-02-2024T12:05:46 - [TEST_STEP][PASSED] - setText(findTestObject("FinalWeb/Page_Advantage Shopping/input_OR_username"), username): Text 'bismillah1' is set on object 'Object Repository/FinalWeb/Page_Advantage Shopping/input_OR_username'

12-02-2024T12:05:47 - [MESSAGE][PASSED] - Text 'bismillah1' is set on object 'Object Repository/FinalWeb/Page_Advantage Shopping/input_OR_username'

12-02-2024T12:05:47 - [TEST_STEP][PASSED] - setText(findTestObject("FinalWeb/Page_Advantage Shopping/input_Username_password"), password): Text 'Cui123' is set on object 'Object Repository/FinalWeb/Page_Advantage Shopping/input_Username_password'

12-02-2024T12:05:49 - [MESSAGE][PASSED] - Text 'Cui123' is set on object 'Object Repository/FinalWeb/Page_Advantage Shopping/input_Username_password'

12-02-2024T12:05:49 - [TEST_STEP][PASSED] - click(findTestObject("Object Repository/FinalWeb/Page_Advantage Shopping/button_SIGN IN")): Object: 'Object Repository/FinalWeb/Page_Advantage Shopping/button_SIGN IN' is clicked on

12-02-2024T12:05:49 - [MESSAGE][PASSED] - Object: 'Object Repository/FinalWeb/Page_Advantage Shopping/button_SIGN IN' is clicked on

12-02-2024T12:05:49 - [TEST_STEP][PASSED] - verifyTextPresent(username, false): Text 'bismillah1' is present on page 

12-02-2024T12:05:50 - [MESSAGE][PASSED] - Text 'bismillah1' is present on page 

12-02-2024T12:05:52 - [TEST_STEP][PASSED] - Video: Video recording for test case 'Test Cases/Final Assignment WEB/Login' .

12-02-2024T12:05:52 - [MESSAGE][INFO] - Video recording for test case 'Test Cases/Final Assignment WEB/Login' .]]></system-out>
         <system-err><![CDATA[]]></system-err>
      </testcase>
      <system-out><![CDATA[12-02-2024T12:03:12 - [TEST_SUITE][PASSED] - User Services: Test Cases/Final Assignment WEB/Login]]></system-out>
      <system-err><![CDATA[]]></system-err>
   </testsuite>
</testsuites>
